2025-11-22 19:57:31,904 [INFO] C++ Analysis Engine loaded successfully.
2025-11-22 19:57:31,905 [INFO] Fetching data for symbol: IBM
2025-11-22 19:57:32,876 [INFO] Successfully retrieved 100 data points.
2025-11-22 19:57:32,877 [INFO] Running SMA(5) on C++ Engine...
2025-11-22 19:57:32,878 [INFO] Running MaxProfit Algorithm on C++ Engine...
2025-11-22 19:58:05,321 [INFO] C++ Analysis Engine loaded successfully.
2025-11-22 19:58:05,321 [INFO] Fetching data for symbol: IBM
2025-11-22 19:58:05,914 [INFO] Successfully retrieved 100 data points.
2025-11-22 19:58:05,915 [INFO] Running SMA(5) on C++ Engine...
2025-11-22 19:58:05,917 [INFO] Running MaxProfit Algorithm on C++ Engine...
2025-11-22 19:59:06,404 [INFO] C++ Analysis Engine loaded successfully.
2025-11-22 19:59:09,206 [INFO] Fetching data for symbol: IBM
2025-11-22 19:59:09,888 [INFO] Successfully retrieved 100 data points.
2025-11-22 19:59:09,889 [INFO] Running SMA(5) on C++ Engine...
2025-11-22 19:59:09,890 [INFO] Running MaxProfit Algorithm on C++ Engine...
2025-11-22 20:05:30,282 [INFO] C++ Analysis Engine loaded successfully.
2025-11-22 20:05:55,322 [INFO] Fetching data for symbol: NVDA
2025-11-22 20:05:56,166 [INFO] Successfully retrieved 100 data points.
2025-11-22 20:05:56,168 [INFO] Running SMA(5) on C++ Engine...
2025-11-22 20:05:56,174 [INFO] Running MaxProfit Algorithm on C++ Engine...
2025-11-22 20:19:35,371 [INFO] C++ Analysis Engine loaded successfully.
2025-11-22 20:19:38,396 [INFO] Fetching data for symbol: IBM
2025-11-22 20:19:39,626 [INFO] Successfully retrieved 100 data points.
2025-11-22 20:19:39,629 [INFO] Running SMA(5) on C++ Engine...
2025-11-22 20:19:39,630 [INFO] Running MaxProfit Algorithm on C++ Engine...
2025-11-22 20:19:39,634 [INFO] Finding top 3 daily gains using C++ Min-Heap...
2025-11-22 20:23:10,598 [INFO] C++ Analysis Engine loaded successfully.
2025-11-22 20:23:13,346 [INFO] Fetching data for symbol: IBM
2025-11-22 20:23:14,041 [INFO] Successfully retrieved 100 data points.
2025-11-22 20:23:14,043 [INFO] Running SMA(5) on C++ Engine...
2025-11-22 20:23:14,044 [INFO] Running MaxProfit Algorithm on C++ Engine...
2025-11-22 20:23:14,048 [INFO] Finding top 3 daily gains using C++ Min-Heap...
2025-11-22 20:24:44,815 [INFO] C++ Analysis Engine loaded successfully.
2025-11-22 20:24:49,565 [INFO] Fetching data for symbol: NVDA
2025-11-22 20:24:50,266 [INFO] Successfully retrieved 100 data points.
2025-11-22 20:24:50,268 [INFO] Running SMA(5) on C++ Engine...
2025-11-22 20:24:50,269 [INFO] Running MaxProfit Algorithm on C++ Engine...
2025-11-22 20:24:50,270 [INFO] Finding top 3 daily gains using C++ Min-Heap...
2025-11-23 19:57:51,841 [INFO] C++ Analysis Engine loaded successfully.
2025-11-23 19:57:56,461 [INFO] Fetching data for symbol: IBM
2025-11-23 19:57:57,094 [INFO] Successfully retrieved 100 data points.
2025-11-23 19:57:57,096 [INFO] Running SMA(5) on C++ Engine...
2025-11-23 19:57:57,097 [INFO] Calculating EMA (20) and RSI (14)...
2025-11-23 19:57:57,099 [INFO] Finding top 3 daily gains using C++ Min-Heap...
2025-11-23 19:59:30,989 [INFO] C++ Analysis Engine loaded successfully.
2025-11-23 19:59:34,456 [INFO] Fetching data for symbol: IBM
2025-11-23 19:59:35,091 [INFO] Successfully retrieved 100 data points.
2025-11-23 19:59:35,092 [INFO] Running SMA(5) on C++ Engine...
2025-11-23 19:59:35,093 [INFO] Finding top 3 daily gains using C++ Min-Heap...
2025-11-23 19:59:35,093 [INFO] Calculating optimal trade entry/exit...
2025-11-23 19:59:35,094 [INFO] 
========================================
2025-11-23 19:59:35,094 [INFO]  ANALYSIS REPORT: IBM
2025-11-23 19:59:35,094 [INFO] ========================================
2025-11-23 19:59:35,095 [INFO]  Latest Price:      $297.44
2025-11-23 19:59:35,095 [INFO]  SMA (5-day):       $292.70
2025-11-23 19:59:35,095 [INFO]  Top 3 Daily Jumps:  ['$22.46', '$13.91', '$7.56']
2025-11-23 19:59:35,096 [INFO] ========================================
2025-11-23 19:59:35,096 [INFO]  Max Profit: $80.21
2025-11-23 19:59:35,096 [INFO]    Buy Day:   Index 27 (@ $234.77)
2025-11-23 19:59:35,097 [INFO]    Sell Day:  Index 92 (@ $314.98)
2025-11-23 19:59:35,097 [INFO] Generating visualization...
2025-11-23 19:59:36,256 [INFO] Chart saved to IBM_analysis.png
2025-11-23 20:01:21,939 [INFO] C++ Analysis Engine loaded successfully.
2025-11-23 20:01:21,939 [INFO] Fetching data for symbol: IBM
2025-11-23 20:01:22,546 [INFO] Successfully retrieved 100 data points.
2025-11-23 20:01:22,547 [INFO] Running SMA(5) on C++ Engine...
2025-11-23 20:01:22,547 [INFO] Calculating EMA (20) and RSI (14)...
2025-11-23 20:01:22,548 [INFO] Finding top 3 daily gains using C++ Min-Heap...
2025-11-23 20:01:22,548 [INFO] Calculating optimal trade entry/exit...
2025-11-23 20:01:22,548 [INFO] 
========================================
2025-11-23 20:01:22,549 [INFO]  ANALYSIS REPORT: IBM
2025-11-23 20:01:22,549 [INFO] ========================================
2025-11-23 20:01:22,549 [INFO]  Latest Price:      $297.44
2025-11-23 20:01:22,549 [INFO]  SMA (5-day):       $292.70
2025-11-23 20:01:22,549 [INFO]  EMA (20-day):      $298.88
2025-11-23 20:01:22,549 [INFO]  RSI (14-day):      50.20
2025-11-23 20:01:22,550 [INFO]  Top 3 Daily Jumps:  ['$22.46', '$13.91', '$7.56']
2025-11-23 20:01:22,550 [INFO] ========================================
2025-11-23 20:01:22,550 [INFO]  Max Profit: $80.21
2025-11-23 20:01:22,550 [INFO]    Buy Day:   Index 27 (@ $234.77)
2025-11-23 20:01:22,551 [INFO]    Sell Day:  Index 92 (@ $314.98)
2025-11-23 20:01:22,551 [INFO] Generating visualization...
2025-11-23 20:01:23,266 [INFO] Chart saved to IBM_analysis.png
2025-11-23 20:02:10,222 [INFO] C++ Analysis Engine loaded successfully.
2025-11-23 20:02:16,038 [INFO] Fetching data for symbol: NVDA
2025-11-23 20:02:16,617 [INFO] Successfully retrieved 100 data points.
2025-11-23 20:02:16,618 [INFO] Running SMA(5) on C++ Engine...
2025-11-23 20:02:16,618 [INFO] Calculating EMA (20) and RSI (14)...
2025-11-23 20:02:16,619 [INFO] Finding top 3 daily gains using C++ Min-Heap...
2025-11-23 20:02:16,619 [INFO] Calculating optimal trade entry/exit...
2025-11-23 20:02:16,620 [INFO] 
========================================
2025-11-23 20:02:16,620 [INFO]  ANALYSIS REPORT: NVDA
2025-11-23 20:02:16,620 [INFO] ========================================
2025-11-23 20:02:16,620 [INFO]  Latest Price:      $178.88
2025-11-23 20:02:16,621 [INFO]  SMA (5-day):       $182.80
2025-11-23 20:02:16,621 [INFO]  EMA (20-day):      $188.22
2025-11-23 20:02:16,621 [INFO]  RSI (14-day):      41.48
2025-11-23 20:02:16,621 [INFO]  Top 3 Daily Jumps:  ['$10.90', '$9.54', '$6.94']
2025-11-23 20:02:16,622 [INFO] ========================================
2025-11-23 20:02:16,622 [INFO]  Max Profit: $48.80
2025-11-23 20:02:16,622 [INFO]    Buy Day:   Index 1 (@ $158.24)
2025-11-23 20:02:16,623 [INFO]    Sell Day:  Index 82 (@ $207.04)
2025-11-23 20:02:16,623 [INFO] Generating visualization...
2025-11-23 20:02:17,139 [INFO] Chart saved to NVDA_analysis.png
